-- The C compiler identification is mpicc
-- The CXX compiler identification is mpic++
-- Check for working C compiler: /sw/EasyBuild/software/MPICH/3.1.4-GCC-4.9.2-binutils-2.25/bin/mpicc
-- Check for working C compiler: /sw/EasyBuild/software/MPICH/3.1.4-GCC-4.9.2-binutils-2.25/bin/mpicc -- works
-- Detecting C compiler ABI info
-- Detecting C compiler ABI info - done
-- Check for working CXX compiler: /sw/EasyBuild/software/MPICH/3.1.4-GCC-4.9.2-binutils-2.25/bin/mpic++
-- Check for working CXX compiler: /sw/EasyBuild/software/MPICH/3.1.4-GCC-4.9.2-binutils-2.25/bin/mpic++ -- works
-- Detecting CXX compiler ABI info
-- Detecting CXX compiler ABI info - done
-- Looking for include file stdio.h
-- Looking for include file stdio.h - found
-- Looking for include file stdlib.h
-- Looking for include file stdlib.h - found
-- Looking for include file string.h
-- Looking for include file string.h - found
-- Found GeoTIFF CSV files in: /home/ncasler/apps/libgeotiff-1.4.1/csv
-- Could NOT find PROJ4 (missing:  PROJ4_LIBRARY PROJ4_INCLUDE_DIR) 
-- Found TIFF: /usr/lib64/libtiff.so (found version "3.9.4") 
-- Looking for TIFFOpen
-- Looking for TIFFOpen - found
-- Looking for TIFFMergeFieldInfo
